<?xml version="1.0" encoding="UTF-8"?>
<!-- Generated by org.testng.reporters.JUnitReportReporter -->
<testsuite skipped="0" hostname="DESKTOP-LKM5JTJ" name="com.qa.hubspot.test.HomePageTest" tests="2" failures="0" timestamp="15 Sep 2020 10:07:23 GMT" time="0.035" errors="0">
  <testcase name="verifyHomePageTitleTest" time="0.008" classname="com.qa.hubspot.test.HomePageTest"/>
  <testcase name="verifyHomePageHeaderTest" time="0.027" classname="com.qa.hubspot.test.HomePageTest"/>
</testsuite> <!-- com.qa.hubspot.test.HomePageTest -->
