<?xml version="1.0" encoding="UTF-8"?>
<!-- Generated by org.testng.reporters.JUnitReportReporter -->
<testsuite skipped="1" hostname="DESKTOP-LKM5JTJ" name="com.qa.hubspot.test.LoginPageTest" tests="4" failures="0" timestamp="15 Sep 2020 10:07:23 GMT" time="9.464" errors="0">
  <testcase name="verifyLoginPageTitleTest" time="6.083" classname="com.qa.hubspot.test.LoginPageTest"/>
  <testcase name="signUpLinkTest" time="0.054" classname="com.qa.hubspot.test.LoginPageTest"/>
  <testcase name="loginTest" time="3.327" classname="com.qa.hubspot.test.LoginPageTest"/>
  <testcase name="invalidLoginTest" classname="com.qa.hubspot.test.LoginPageTest">
    <skipped/>
  </testcase> <!-- invalidLoginTest -->
</testsuite> <!-- com.qa.hubspot.test.LoginPageTest -->
