<?xml version="1.0" encoding="UTF-8"?>
<!-- Generated by org.testng.reporters.JUnitReportReporter -->
<testsuite skipped="1" hostname="DESKTOP-LKM5JTJ" name="com.qa.hubspot.test.LoginPageTest" tests="4" failures="0" timestamp="15 Sep 2020 10:30:26 GMT" time="9.489" errors="0">
  <testcase name="verifyLoginPageTitleTest" time="5.614" classname="com.qa.hubspot.test.LoginPageTest"/>
  <testcase name="signUpLinkTest" time="0.065" classname="com.qa.hubspot.test.LoginPageTest"/>
  <testcase name="loginTest" time="3.810" classname="com.qa.hubspot.test.LoginPageTest"/>
  <testcase name="invalidLoginTest" classname="com.qa.hubspot.test.LoginPageTest">
    <skipped/>
  </testcase> <!-- invalidLoginTest -->
</testsuite> <!-- com.qa.hubspot.test.LoginPageTest -->
